2020-08-18 16:36:06,748 [Worker-7: Repository registry initialization] WARN  o.e.m.c.internal.embedder.MavenImpl - Failed to decrypt password for server MuleRepository: org.sonatype.plexus.components.cipher.PlexusCipherException: javax.crypto.BadPaddingException: Given final block not properly padded. Such issues can arise if a bad key is used during decryption.
org.sonatype.plexus.components.sec.dispatcher.SecDispatcherException: org.sonatype.plexus.components.cipher.PlexusCipherException: javax.crypto.BadPaddingException: Given final block not properly padded. Such issues can arise if a bad key is used during decryption.
	at org.sonatype.plexus.components.sec.dispatcher.DefaultSecDispatcher.decrypt(DefaultSecDispatcher.java:121) ~[plexus-sec-dispatcher-1.4.jar:na]
	at org.apache.maven.settings.crypto.DefaultSettingsDecrypter.decrypt(DefaultSettingsDecrypter.java:107) ~[maven-settings-builder-3.5.3.jar:3.5.3]
	at org.apache.maven.settings.crypto.DefaultSettingsDecrypter.decrypt(DefaultSettingsDecrypter.java:63) ~[maven-settings-builder-3.5.3.jar:3.5.3]
	at org.eclipse.m2e.core.internal.embedder.MavenImpl.decryptPassword(MavenImpl.java:541) ~[org.eclipse.m2e.core_1.11.0.20190220-2119.jar:na]
	at org.eclipse.m2e.core.internal.repository.RepositoryRegistry.getAuthenticationInfo(RepositoryRegistry.java:214) [org.eclipse.m2e.core_1.11.0.20190220-2119.jar:na]
	at org.eclipse.m2e.core.internal.repository.RepositoryRegistry.updateRegistry(RepositoryRegistry.java:258) [org.eclipse.m2e.core_1.11.0.20190220-2119.jar:na]
	at org.eclipse.m2e.core.internal.repository.RepositoryRegistryUpdateJob.run(RepositoryRegistryUpdateJob.java:47) [org.eclipse.m2e.core_1.11.0.20190220-2119.jar:na]
	at org.eclipse.core.internal.jobs.Worker.run(Worker.java:63) [org.eclipse.core.jobs_3.10.600.v20191219-0358.jar:na]
Caused by: org.sonatype.plexus.components.cipher.PlexusCipherException: javax.crypto.BadPaddingException: Given final block not properly padded. Such issues can arise if a bad key is used during decryption.
	at org.sonatype.plexus.components.cipher.PBECipher.decrypt64(PBECipher.java:193) ~[plexus-cipher-1.7.jar:na]
	at org.sonatype.plexus.components.cipher.DefaultPlexusCipher.decrypt(DefaultPlexusCipher.java:74) ~[plexus-cipher-1.7.jar:na]
	at org.sonatype.plexus.components.sec.dispatcher.DefaultSecDispatcher.decrypt(DefaultSecDispatcher.java:96) ~[plexus-sec-dispatcher-1.4.jar:na]
	... 7 common frames omitted
Caused by: javax.crypto.BadPaddingException: Given final block not properly padded. Such issues can arise if a bad key is used during decryption.
	at com.sun.crypto.provider.CipherCore.unpad(CipherCore.java:975) ~[sunjce_provider.jar:1.8.0_251]
	at com.sun.crypto.provider.CipherCore.fillOutputBuffer(CipherCore.java:1056) ~[sunjce_provider.jar:1.8.0_251]
	at com.sun.crypto.provider.CipherCore.doFinal(CipherCore.java:853) ~[sunjce_provider.jar:1.8.0_251]
	at com.sun.crypto.provider.AESCipher.engineDoFinal(AESCipher.java:446) ~[sunjce_provider.jar:1.8.0_251]
	at javax.crypto.Cipher.doFinal(Cipher.java:2168) ~[na:1.8.0_251]
	at org.sonatype.plexus.components.cipher.PBECipher.decrypt64(PBECipher.java:185) ~[plexus-cipher-1.7.jar:na]
	... 9 common frames omitted
2020-09-24 16:18:35,693 [Worker-3: Loading available Gradle versions] INFO  o.e.b.c.i.u.g.PublishedGradleVersions - Gradle version information cache is not available. Remote download required.
2020-09-24 16:22:25,696 [Worker-10: Debug Source Lookup] INFO  o.e.m.c.i.e.AbstractTransferListenerAdapter - Downloading https://repo.maven.apache.org/maven2/org/glassfish/jersey/core/jersey-server/2.11/jersey-server-2.11-sources.jar
2020-09-24 16:22:25,949 [Worker-10: Debug Source Lookup] INFO  o.e.m.c.i.e.AbstractTransferListenerAdapter - Downloaded https://repo.maven.apache.org/maven2/org/glassfish/jersey/core/jersey-server/2.11/jersey-server-2.11-sources.jar
2020-09-24 17:02:12,362 [Worker-34: Debug Source Lookup] INFO  o.e.m.c.i.e.AbstractTransferListenerAdapter - Downloading https://repo.maven.apache.org/maven2/org/glassfish/jersey/core/jersey-common/2.11/jersey-common-2.11-sources.jar
2020-09-24 17:02:12,539 [Worker-34: Debug Source Lookup] INFO  o.e.m.c.i.e.AbstractTransferListenerAdapter - Downloaded https://repo.maven.apache.org/maven2/org/glassfish/jersey/core/jersey-common/2.11/jersey-common-2.11-sources.jar
